0 info it worked if it ends with ok
1 verbose cli [ 'E:\\nodejs\\node.exe',
1 verbose cli   'C:\\Users\\22945\\AppData\\Roaming\\npm\\node_modules\\npm\\bin\\npm-cli.js',
1 verbose cli   'install' ]
2 info using npm@2.15.12
3 info using node@v8.9.1
4 verbose readDependencies loading dependencies from F:\androidStudioworkspace\AndroidKissReactNative\package.json
5 error install Couldn't read dependencies
6 verbose stack Error: Failed to parse json
6 verbose stack Unexpected token '/' at 8:5
6 verbose stack     //添加 命令：
6 verbose stack     ^
6 verbose stack     at parseError (C:\Users\22945\AppData\Roaming\npm\node_modules\npm\node_modules\read-package-json\read-json.js:390:11)
6 verbose stack     at parseJson (C:\Users\22945\AppData\Roaming\npm\node_modules\npm\node_modules\read-package-json\read-json.js:79:23)
6 verbose stack     at C:\Users\22945\AppData\Roaming\npm\node_modules\npm\node_modules\read-package-json\read-json.js:48:5
6 verbose stack     at C:\Users\22945\AppData\Roaming\npm\node_modules\npm\node_modules\graceful-fs\graceful-fs.js:78:16
6 verbose stack     at FSReqWrap.readFileAfterClose [as oncomplete] (fs.js:511:3)
7 verbose cwd F:\androidStudioworkspace\AndroidKissReactNative
8 error Windows_NT 10.0.15063
9 error argv "E:\\nodejs\\node.exe" "C:\\Users\\22945\\AppData\\Roaming\\npm\\node_modules\\npm\\bin\\npm-cli.js" "install"
10 error node v8.9.1
11 error npm  v2.15.12
12 error file F:\androidStudioworkspace\AndroidKissReactNative\package.json
13 error code EJSONPARSE
14 error Failed to parse json
14 error Unexpected token '/' at 8:5
14 error     //添加 命令：
14 error     ^
15 error File: F:\androidStudioworkspace\AndroidKissReactNative\package.json
16 error Failed to parse package.json data.
16 error package.json must be actual JSON, not just JavaScript.
16 error
16 error This is not a bug in npm.
16 error Tell the package author to fix their package.json file. JSON.parse
17 verbose exit [ 1, true ]
